<?xml version="1.0" encoding="UTF-8"?>
<!-- Generated by org.testng.reporters.JUnitReportReporter -->
<testsuite hostname="ITKSHC8R" name="appRunner.KeycloakAppRunner" tests="2" failures="0" timestamp="3 Sep 2020 20:44:23 GMT" time="45.720" errors="0">
  <testcase name="runScenario" time="25.817" classname="appRunner.KeycloakAppRunner"/>
  <testcase name="runScenario" time="19.903" classname="appRunner.KeycloakAppRunner"/>
</testsuite> <!-- appRunner.KeycloakAppRunner -->
