<?xml version="1.0" encoding="UTF-8"?>
<!-- Generated by org.testng.reporters.JUnitReportReporter -->
<testsuite hostname="IT3ANCVR" failures="0" tests="2" name="apiRunner.KeycloakLoginRunner" time="20.999" errors="0" timestamp="3 Sep 2020 11:26:37 GMT">
  <testcase classname="apiRunner.KeycloakLoginRunner" name="runScenario" time="9.662"/>
  <testcase classname="apiRunner.KeycloakLoginRunner" name="runScenario" time="11.337"/>
</testsuite> <!-- apiRunner.KeycloakLoginRunner -->
