<?xml version="1.0" encoding="UTF-8"?>
<!-- Generated by org.testng.reporters.JUnitReportReporter -->
<testsuite skipped="2" hostname="IT3ANCVR" name="app.tickets.team010.Team010Runner" tests="4" failures="0" timestamp="16 Dec 2020 10:56:08 GMT" time="67.384" errors="0">
  <testcase name="runScenario" time="0.000" classname="app.tickets.team010.Team010Runner">
    <skipped/>
  </testcase> <!-- runScenario -->
  <testcase name="runScenario" time="33.738" classname="app.tickets.team010.Team010Runner"/>
  <testcase name="runScenario" time="33.646" classname="app.tickets.team010.Team010Runner"/>
  <testcase name="runScenario" time="0.000" classname="app.tickets.team010.Team010Runner">
    <skipped/>
  </testcase> <!-- runScenario -->
</testsuite> <!-- app.tickets.team010.Team010Runner -->
