<?xml version="1.0" encoding="UTF-8"?>
<!-- Generated by org.testng.reporters.JUnitReportReporter -->
<testsuite skipped="6" hostname="IT3ANCVR" name="app.tickets.usagemanagment.MinandSmsRunner" tests="12" failures="0" timestamp="16 Dec 2020 10:56:08 GMT" time="155.656" errors="3">
  <testcase name="runScenario" time="0.000" classname="app.tickets.usagemanagment.MinandSmsRunner">
    <skipped/>
  </testcase> <!-- runScenario -->
  <testcase name="runScenario" time="5.163" classname="app.tickets.usagemanagment.MinandSmsRunner">
    <error type="org.openqa.selenium.NoSuchSessionException" message="A session is either terminated or not started
Build info: version: &#039;3.141.59&#039;, revision: &#039;e82be7d358&#039;, time: &#039;2018-11-14T08:17:03&#039;
System info: host: &#039;IT3ANCVR&#039;, ip: &#039;10.144.242.125&#039;, os.name: &#039;Windows 10&#039;, os.arch: &#039;amd64&#039;, os.version: &#039;10.0&#039;, java.version: &#039;1.8.0_161&#039;
Driver info: io.appium.java_client.android.AndroidDriver
Capabilities {appActivity: vodafone.vis.engezly.ui.scr..., appPackage: com.emeint.android.myservices, databaseEnabled: false, desired: {appActivity: vodafone.vis.engezly.ui.scr..., appPackage: com.emeint.android.myservices, deviceName: Google Emulator, fullReset: false, language: ar, locale: EG, noReset: false, platformName: android, systemPort: 10000}, deviceManufacturer: Google, deviceModel: Android SDK built for x86, deviceName: emulator-5554, deviceScreenSize: 1080x1920, deviceUDID: emulator-5554, fullReset: false, javascriptEnabled: true, language: ar, locale: EG, locationContextEnabled: false, networkConnectionEnabled: true, noReset: false, platform: LINUX, platformName: Android, platformVersion: 9, systemPort: 10000, takesScreenshot: true, warnings: {}, webStorageEnabled: false}
Session ID: 583587db-a21d-4aa6-b85f-280d2e014de2">
      <![CDATA[org.openqa.selenium.NoSuchSessionException: A session is either terminated or not started
Build info: version: '3.141.59', revision: 'e82be7d358', time: '2018-11-14T08:17:03'
System info: host: 'IT3ANCVR', ip: '10.144.242.125', os.name: 'Windows 10', os.arch: 'amd64', os.version: '10.0', java.version: '1.8.0_161'
Driver info: io.appium.java_client.android.AndroidDriver
Capabilities {appActivity: vodafone.vis.engezly.ui.scr..., appPackage: com.emeint.android.myservices, databaseEnabled: false, desired: {appActivity: vodafone.vis.engezly.ui.scr..., appPackage: com.emeint.android.myservices, deviceName: Google Emulator, fullReset: false, language: ar, locale: EG, noReset: false, platformName: android, systemPort: 10000}, deviceManufacturer: Google, deviceModel: Android SDK built for x86, deviceName: emulator-5554, deviceScreenSize: 1080x1920, deviceUDID: emulator-5554, fullReset: false, javascriptEnabled: true, language: ar, locale: EG, locationContextEnabled: false, networkConnectionEnabled: true, noReset: false, platform: LINUX, platformName: Android, platformVersion: 9, systemPort: 10000, takesScreenshot: true, warnings: {}, webStorageEnabled: false}
Session ID: 583587db-a21d-4aa6-b85f-280d2e014de2
at sun.reflect.GeneratedConstructorAccessor24.newInstance(Unknown Source)
at sun.reflect.DelegatingConstructorAccessorImpl.newInstance(Unknown Source)
at java.lang.reflect.Constructor.newInstance(Unknown Source)
at org.openqa.selenium.remote.http.W3CHttpResponseCodec.createException(W3CHttpResponseCodec.java:187)
at org.openqa.selenium.remote.http.W3CHttpResponseCodec.decode(W3CHttpResponseCodec.java:122)
at org.openqa.selenium.remote.http.W3CHttpResponseCodec.decode(W3CHttpResponseCodec.java:49)
at org.openqa.selenium.remote.HttpCommandExecutor.execute(HttpCommandExecutor.java:158)
at io.appium.java_client.remote.AppiumCommandExecutor.execute(AppiumCommandExecutor.java:239)
at org.openqa.selenium.remote.RemoteWebDriver.execute(RemoteWebDriver.java:552)
at io.appium.java_client.DefaultGenericMobileDriver.execute(DefaultGenericMobileDriver.java:46)
at io.appium.java_client.AppiumDriver.execute(AppiumDriver.java:1)
at io.appium.java_client.android.AndroidDriver.execute(AndroidDriver.java:1)
at io.appium.java_client.InteractsWithApps.resetApp(InteractsWithApps.java:93)
at app.pages.PageObject.launchApp(PageObject.java:21)
]]>
    </error>
  </testcase> <!-- runScenario -->
  <testcase name="runScenario" time="5.076" classname="app.tickets.usagemanagment.MinandSmsRunner">
    <error type="org.openqa.selenium.NoSuchSessionException" message="A session is either terminated or not started
Build info: version: &#039;3.141.59&#039;, revision: &#039;e82be7d358&#039;, time: &#039;2018-11-14T08:17:03&#039;
System info: host: &#039;IT3ANCVR&#039;, ip: &#039;10.144.242.125&#039;, os.name: &#039;Windows 10&#039;, os.arch: &#039;amd64&#039;, os.version: &#039;10.0&#039;, java.version: &#039;1.8.0_161&#039;
Driver info: io.appium.java_client.android.AndroidDriver
Capabilities {appActivity: vodafone.vis.engezly.ui.scr..., appPackage: com.emeint.android.myservices, databaseEnabled: false, desired: {appActivity: vodafone.vis.engezly.ui.scr..., appPackage: com.emeint.android.myservices, deviceName: Google Emulator, fullReset: false, language: ar, locale: EG, noReset: false, platformName: android, systemPort: 10000}, deviceManufacturer: Google, deviceModel: Android SDK built for x86, deviceName: emulator-5554, deviceScreenSize: 1080x1920, deviceUDID: emulator-5554, fullReset: false, javascriptEnabled: true, language: ar, locale: EG, locationContextEnabled: false, networkConnectionEnabled: true, noReset: false, platform: LINUX, platformName: Android, platformVersion: 9, systemPort: 10000, takesScreenshot: true, warnings: {}, webStorageEnabled: false}
Session ID: 583587db-a21d-4aa6-b85f-280d2e014de2">
      <![CDATA[org.openqa.selenium.NoSuchSessionException: A session is either terminated or not started
Build info: version: '3.141.59', revision: 'e82be7d358', time: '2018-11-14T08:17:03'
System info: host: 'IT3ANCVR', ip: '10.144.242.125', os.name: 'Windows 10', os.arch: 'amd64', os.version: '10.0', java.version: '1.8.0_161'
Driver info: io.appium.java_client.android.AndroidDriver
Capabilities {appActivity: vodafone.vis.engezly.ui.scr..., appPackage: com.emeint.android.myservices, databaseEnabled: false, desired: {appActivity: vodafone.vis.engezly.ui.scr..., appPackage: com.emeint.android.myservices, deviceName: Google Emulator, fullReset: false, language: ar, locale: EG, noReset: false, platformName: android, systemPort: 10000}, deviceManufacturer: Google, deviceModel: Android SDK built for x86, deviceName: emulator-5554, deviceScreenSize: 1080x1920, deviceUDID: emulator-5554, fullReset: false, javascriptEnabled: true, language: ar, locale: EG, locationContextEnabled: false, networkConnectionEnabled: true, noReset: false, platform: LINUX, platformName: Android, platformVersion: 9, systemPort: 10000, takesScreenshot: true, warnings: {}, webStorageEnabled: false}
Session ID: 583587db-a21d-4aa6-b85f-280d2e014de2
at sun.reflect.GeneratedConstructorAccessor24.newInstance(Unknown Source)
at sun.reflect.DelegatingConstructorAccessorImpl.newInstance(Unknown Source)
at java.lang.reflect.Constructor.newInstance(Unknown Source)
at org.openqa.selenium.remote.http.W3CHttpResponseCodec.createException(W3CHttpResponseCodec.java:187)
at org.openqa.selenium.remote.http.W3CHttpResponseCodec.decode(W3CHttpResponseCodec.java:122)
at org.openqa.selenium.remote.http.W3CHttpResponseCodec.decode(W3CHttpResponseCodec.java:49)
at org.openqa.selenium.remote.HttpCommandExecutor.execute(HttpCommandExecutor.java:158)
at io.appium.java_client.remote.AppiumCommandExecutor.execute(AppiumCommandExecutor.java:239)
at org.openqa.selenium.remote.RemoteWebDriver.execute(RemoteWebDriver.java:552)
at io.appium.java_client.DefaultGenericMobileDriver.execute(DefaultGenericMobileDriver.java:46)
at io.appium.java_client.AppiumDriver.execute(AppiumDriver.java:1)
at io.appium.java_client.android.AndroidDriver.execute(AndroidDriver.java:1)
at io.appium.java_client.InteractsWithApps.resetApp(InteractsWithApps.java:93)
at app.pages.PageObject.launchApp(PageObject.java:21)
]]>
    </error>
  </testcase> <!-- runScenario -->
  <testcase name="runScenario" time="5.050" classname="app.tickets.usagemanagment.MinandSmsRunner">
    <error type="org.openqa.selenium.NoSuchSessionException" message="A session is either terminated or not started
Build info: version: &#039;3.141.59&#039;, revision: &#039;e82be7d358&#039;, time: &#039;2018-11-14T08:17:03&#039;
System info: host: &#039;IT3ANCVR&#039;, ip: &#039;10.144.242.125&#039;, os.name: &#039;Windows 10&#039;, os.arch: &#039;amd64&#039;, os.version: &#039;10.0&#039;, java.version: &#039;1.8.0_161&#039;
Driver info: io.appium.java_client.android.AndroidDriver
Capabilities {appActivity: vodafone.vis.engezly.ui.scr..., appPackage: com.emeint.android.myservices, databaseEnabled: false, desired: {appActivity: vodafone.vis.engezly.ui.scr..., appPackage: com.emeint.android.myservices, deviceName: Google Emulator, fullReset: false, language: ar, locale: EG, noReset: false, platformName: android, systemPort: 10000}, deviceManufacturer: Google, deviceModel: Android SDK built for x86, deviceName: emulator-5554, deviceScreenSize: 1080x1920, deviceUDID: emulator-5554, fullReset: false, javascriptEnabled: true, language: ar, locale: EG, locationContextEnabled: false, networkConnectionEnabled: true, noReset: false, platform: LINUX, platformName: Android, platformVersion: 9, systemPort: 10000, takesScreenshot: true, warnings: {}, webStorageEnabled: false}
Session ID: 583587db-a21d-4aa6-b85f-280d2e014de2">
      <![CDATA[org.openqa.selenium.NoSuchSessionException: A session is either terminated or not started
Build info: version: '3.141.59', revision: 'e82be7d358', time: '2018-11-14T08:17:03'
System info: host: 'IT3ANCVR', ip: '10.144.242.125', os.name: 'Windows 10', os.arch: 'amd64', os.version: '10.0', java.version: '1.8.0_161'
Driver info: io.appium.java_client.android.AndroidDriver
Capabilities {appActivity: vodafone.vis.engezly.ui.scr..., appPackage: com.emeint.android.myservices, databaseEnabled: false, desired: {appActivity: vodafone.vis.engezly.ui.scr..., appPackage: com.emeint.android.myservices, deviceName: Google Emulator, fullReset: false, language: ar, locale: EG, noReset: false, platformName: android, systemPort: 10000}, deviceManufacturer: Google, deviceModel: Android SDK built for x86, deviceName: emulator-5554, deviceScreenSize: 1080x1920, deviceUDID: emulator-5554, fullReset: false, javascriptEnabled: true, language: ar, locale: EG, locationContextEnabled: false, networkConnectionEnabled: true, noReset: false, platform: LINUX, platformName: Android, platformVersion: 9, systemPort: 10000, takesScreenshot: true, warnings: {}, webStorageEnabled: false}
Session ID: 583587db-a21d-4aa6-b85f-280d2e014de2
at sun.reflect.GeneratedConstructorAccessor24.newInstance(Unknown Source)
at sun.reflect.DelegatingConstructorAccessorImpl.newInstance(Unknown Source)
at java.lang.reflect.Constructor.newInstance(Unknown Source)
at org.openqa.selenium.remote.http.W3CHttpResponseCodec.createException(W3CHttpResponseCodec.java:187)
at org.openqa.selenium.remote.http.W3CHttpResponseCodec.decode(W3CHttpResponseCodec.java:122)
at org.openqa.selenium.remote.http.W3CHttpResponseCodec.decode(W3CHttpResponseCodec.java:49)
at org.openqa.selenium.remote.HttpCommandExecutor.execute(HttpCommandExecutor.java:158)
at io.appium.java_client.remote.AppiumCommandExecutor.execute(AppiumCommandExecutor.java:239)
at org.openqa.selenium.remote.RemoteWebDriver.execute(RemoteWebDriver.java:552)
at io.appium.java_client.DefaultGenericMobileDriver.execute(DefaultGenericMobileDriver.java:46)
at io.appium.java_client.AppiumDriver.execute(AppiumDriver.java:1)
at io.appium.java_client.android.AndroidDriver.execute(AndroidDriver.java:1)
at io.appium.java_client.InteractsWithApps.resetApp(InteractsWithApps.java:93)
at app.pages.PageObject.launchApp(PageObject.java:21)
]]>
    </error>
  </testcase> <!-- runScenario -->
  <testcase name="runScenario" time="36.544" classname="app.tickets.usagemanagment.MinandSmsRunner"/>
  <testcase name="runScenario" time="0.000" classname="app.tickets.usagemanagment.MinandSmsRunner">
    <skipped/>
  </testcase> <!-- runScenario -->
  <testcase name="runScenario" time="0.000" classname="app.tickets.usagemanagment.MinandSmsRunner">
    <skipped/>
  </testcase> <!-- runScenario -->
  <testcase name="runScenario" time="0.000" classname="app.tickets.usagemanagment.MinandSmsRunner">
    <skipped/>
  </testcase> <!-- runScenario -->
  <testcase name="runScenario" time="57.840" classname="app.tickets.usagemanagment.MinandSmsRunner"/>
  <testcase name="runScenario" time="45.983" classname="app.tickets.usagemanagment.MinandSmsRunner"/>
  <testcase name="runScenario" time="0.000" classname="app.tickets.usagemanagment.MinandSmsRunner">
    <skipped/>
  </testcase> <!-- runScenario -->
  <testcase name="runScenario" time="0.000" classname="app.tickets.usagemanagment.MinandSmsRunner">
    <skipped/>
  </testcase> <!-- runScenario -->
</testsuite> <!-- app.tickets.usagemanagment.MinandSmsRunner -->
