<?xml version="1.0" encoding="UTF-8"?>
<!-- Generated by org.testng.reporters.JUnitReportReporter -->
<testsuite skipped="6" hostname="IT3ANCVR" name="app.tickets.usageConsumption.RoamingRunner" tests="12" failures="0" timestamp="04 Nov 2020 14:50:56 GMT" time="309.127" errors="0">
  <testcase name="runScenario" time="90.432" classname="app.tickets.usageConsumption.RoamingRunner"/>
  <testcase name="runScenario" time="0.000" classname="app.tickets.usageConsumption.RoamingRunner">
    <skipped/>
  </testcase> <!-- runScenario -->
  <testcase name="runScenario" time="40.317" classname="app.tickets.usageConsumption.RoamingRunner"/>
  <testcase name="runScenario" time="0.000" classname="app.tickets.usageConsumption.RoamingRunner">
    <skipped/>
  </testcase> <!-- runScenario -->
  <testcase name="runScenario" time="43.348" classname="app.tickets.usageConsumption.RoamingRunner"/>
  <testcase name="runScenario" time="0.000" classname="app.tickets.usageConsumption.RoamingRunner">
    <skipped/>
  </testcase> <!-- runScenario -->
  <testcase name="runScenario" time="35.497" classname="app.tickets.usageConsumption.RoamingRunner"/>
  <testcase name="runScenario" time="39.559" classname="app.tickets.usageConsumption.RoamingRunner"/>
  <testcase name="runScenario" time="0.000" classname="app.tickets.usageConsumption.RoamingRunner">
    <skipped/>
  </testcase> <!-- runScenario -->
  <testcase name="runScenario" time="0.000" classname="app.tickets.usageConsumption.RoamingRunner">
    <skipped/>
  </testcase> <!-- runScenario -->
  <testcase name="runScenario" time="0.000" classname="app.tickets.usageConsumption.RoamingRunner">
    <skipped/>
  </testcase> <!-- runScenario -->
  <testcase name="runScenario" time="59.974" classname="app.tickets.usageConsumption.RoamingRunner"/>
</testsuite> <!-- app.tickets.usageConsumption.RoamingRunner -->
