<?xml version="1.0" encoding="UTF-8"?>
<!-- Generated by org.testng.reporters.JUnitReportReporter -->
<testsuite skipped="10" hostname="IT3ANCVR" name="app.tickets.loyalty.LoyaltyRunner" tests="20" failures="0" timestamp="16 Dec 2020 10:56:08 GMT" time="353.243" errors="0">
  <testcase name="runScenario" time="36.929" classname="app.tickets.loyalty.LoyaltyRunner"/>
  <testcase name="runScenario" time="0.000" classname="app.tickets.loyalty.LoyaltyRunner">
    <skipped/>
  </testcase> <!-- runScenario -->
  <testcase name="runScenario" time="33.854" classname="app.tickets.loyalty.LoyaltyRunner"/>
  <testcase name="runScenario" time="33.749" classname="app.tickets.loyalty.LoyaltyRunner"/>
  <testcase name="runScenario" time="32.631" classname="app.tickets.loyalty.LoyaltyRunner"/>
  <testcase name="runScenario" time="0.000" classname="app.tickets.loyalty.LoyaltyRunner">
    <skipped/>
  </testcase> <!-- runScenario -->
  <testcase name="runScenario" time="38.934" classname="app.tickets.loyalty.LoyaltyRunner"/>
  <testcase name="runScenario" time="34.285" classname="app.tickets.loyalty.LoyaltyRunner"/>
  <testcase name="runScenario" time="0.000" classname="app.tickets.loyalty.LoyaltyRunner">
    <skipped/>
  </testcase> <!-- runScenario -->
  <testcase name="runScenario" time="0.000" classname="app.tickets.loyalty.LoyaltyRunner">
    <skipped/>
  </testcase> <!-- runScenario -->
  <testcase name="runScenario" time="0.000" classname="app.tickets.loyalty.LoyaltyRunner">
    <skipped/>
  </testcase> <!-- runScenario -->
  <testcase name="runScenario" time="34.848" classname="app.tickets.loyalty.LoyaltyRunner"/>
  <testcase name="runScenario" time="0.000" classname="app.tickets.loyalty.LoyaltyRunner">
    <skipped/>
  </testcase> <!-- runScenario -->
  <testcase name="runScenario" time="0.000" classname="app.tickets.loyalty.LoyaltyRunner">
    <skipped/>
  </testcase> <!-- runScenario -->
  <testcase name="runScenario" time="0.000" classname="app.tickets.loyalty.LoyaltyRunner">
    <skipped/>
  </testcase> <!-- runScenario -->
  <testcase name="runScenario" time="0.000" classname="app.tickets.loyalty.LoyaltyRunner">
    <skipped/>
  </testcase> <!-- runScenario -->
  <testcase name="runScenario" time="32.588" classname="app.tickets.loyalty.LoyaltyRunner"/>
  <testcase name="runScenario" time="37.540" classname="app.tickets.loyalty.LoyaltyRunner"/>
  <testcase name="runScenario" time="0.000" classname="app.tickets.loyalty.LoyaltyRunner">
    <skipped/>
  </testcase> <!-- runScenario -->
  <testcase name="runScenario" time="37.885" classname="app.tickets.loyalty.LoyaltyRunner"/>
</testsuite> <!-- app.tickets.loyalty.LoyaltyRunner -->
