<?xml version="1.0" encoding="UTF-8"?>
<!-- Generated by org.testng.reporters.JUnitReportReporter -->
<testsuite skipped="4" hostname="IT3ANCVR" name="app.tickets.usageConsumption.BalanceRunner" tests="8" failures="0" timestamp="16 Dec 2020 10:56:08 GMT" time="114.331" errors="0">
  <testcase name="runScenario" time="0.000" classname="app.tickets.usageConsumption.BalanceRunner">
    <skipped/>
  </testcase> <!-- runScenario -->
  <testcase name="runScenario" time="25.631" classname="app.tickets.usageConsumption.BalanceRunner"/>
  <testcase name="runScenario" time="29.531" classname="app.tickets.usageConsumption.BalanceRunner"/>
  <testcase name="runScenario" time="29.787" classname="app.tickets.usageConsumption.BalanceRunner"/>
  <testcase name="runScenario" time="0.000" classname="app.tickets.usageConsumption.BalanceRunner">
    <skipped/>
  </testcase> <!-- runScenario -->
  <testcase name="runScenario" time="29.382" classname="app.tickets.usageConsumption.BalanceRunner"/>
  <testcase name="runScenario" time="0.000" classname="app.tickets.usageConsumption.BalanceRunner">
    <skipped/>
  </testcase> <!-- runScenario -->
  <testcase name="runScenario" time="0.000" classname="app.tickets.usageConsumption.BalanceRunner">
    <skipped/>
  </testcase> <!-- runScenario -->
</testsuite> <!-- app.tickets.usageConsumption.BalanceRunner -->
