<?xml version="1.0" encoding="UTF-8"?>
<!-- Generated by org.testng.reporters.JUnitReportReporter -->
<testsuite skipped="4" hostname="IT3ANCVR" name="app.tickets.login.LoginRunner" tests="8" failures="0" timestamp="16 Dec 2020 10:56:08 GMT" time="127.163" errors="0">
  <testcase name="runScenario" time="0.000" classname="app.tickets.login.LoginRunner">
    <skipped/>
  </testcase> <!-- runScenario -->
  <testcase name="runScenario" time="0.000" classname="app.tickets.login.LoginRunner">
    <skipped/>
  </testcase> <!-- runScenario -->
  <testcase name="runScenario" time="36.265" classname="app.tickets.login.LoginRunner"/>
  <testcase name="runScenario" time="27.356" classname="app.tickets.login.LoginRunner"/>
  <testcase name="runScenario" time="0.000" classname="app.tickets.login.LoginRunner">
    <skipped/>
  </testcase> <!-- runScenario -->
  <testcase name="runScenario" time="36.608" classname="app.tickets.login.LoginRunner"/>
  <testcase name="runScenario" time="26.934" classname="app.tickets.login.LoginRunner"/>
  <testcase name="runScenario" time="0.000" classname="app.tickets.login.LoginRunner">
    <skipped/>
  </testcase> <!-- runScenario -->
</testsuite> <!-- app.tickets.login.LoginRunner -->
