<?xml version="1.0" encoding="UTF-8"?>
<!-- Generated by org.testng.reporters.JUnitReportReporter -->
<testsuite hostname="IT3ANCVR" name="apiRunner.ConfigurationRunner" tests="1" failures="0" timestamp="13 Sep 2020 07:43:09 GMT" time="6.702" errors="0">
  <testcase name="runScenario" time="6.702" classname="apiRunner.ConfigurationRunner"/>
</testsuite> <!-- apiRunner.ConfigurationRunner -->
