<?xml version="1.0" encoding="UTF-8"?>
<!-- Generated by org.testng.reporters.JUnitReportReporter -->
<testsuite skipped="0" hostname="IT3ANCVR" name="appRunner.LoyaltyRunner" tests="5" failures="0" timestamp="17 Sep 2020 11:57:56 GMT" time="97.779" errors="0">
  <testcase name="runScenario" time="19.303" classname="appRunner.LoyaltyRunner"/>
  <testcase name="runScenario" time="18.750" classname="appRunner.LoyaltyRunner"/>
  <testcase name="runScenario" time="17.155" classname="appRunner.LoyaltyRunner"/>
  <testcase name="runScenario" time="23.331" classname="appRunner.LoyaltyRunner"/>
  <testcase name="runScenario" time="19.240" classname="appRunner.LoyaltyRunner"/>
</testsuite> <!-- appRunner.LoyaltyRunner -->
