<?xml version="1.0" encoding="UTF-8"?>
<!-- Generated by org.testng.reporters.JUnitReportReporter -->
<testsuite skipped="0" hostname="IT3ANCVR" name="appRunner.LoginRunner" tests="2" failures="0" timestamp="17 Sep 2020 11:57:56 GMT" time="27.856" errors="0">
  <testcase name="runScenario" time="16.154" classname="appRunner.LoginRunner"/>
  <testcase name="runScenario" time="11.702" classname="appRunner.LoginRunner"/>
</testsuite> <!-- appRunner.LoginRunner -->
