<?xml version="1.0" encoding="UTF-8"?>
<!-- Generated by org.testng.reporters.JUnitReportReporter -->
<testsuite hostname="ITKSHC8R" name="api.tickets.consumption.ConsumptionRunner" tests="1" failures="0" timestamp="4 Oct 2020 12:42:24 GMT" time="6.710" errors="0">
  <testcase name="runScenario" time="6.710" classname="api.tickets.consumption.ConsumptionRunner"/>
</testsuite> <!-- api.tickets.consumption.ConsumptionRunner -->
