<?xml version="1.0" encoding="UTF-8"?>
<!-- Generated by org.testng.reporters.JUnitReportReporter -->
<testsuite skipped="0" hostname="IT3ANCVR" name="app.tickets.usageConsumption.UsageConsumptionRunner" tests="2" failures="0" timestamp="06 Oct 2020 10:35:06 GMT" time="32.761" errors="0">
  <testcase name="runScenario" time="14.664" classname="app.tickets.usageConsumption.UsageConsumptionRunner"/>
  <testcase name="runScenario" time="18.097" classname="app.tickets.usageConsumption.UsageConsumptionRunner"/>
</testsuite> <!-- app.tickets.usageConsumption.UsageConsumptionRunner -->
