<?xml version="1.0" encoding="UTF-8"?>
<!-- Generated by org.testng.reporters.JUnitReportReporter -->
<testsuite hostname="IT3ANCVR" name="appRunner.UpdateRunner" tests="1" failures="0" timestamp="9 Sep 2020 16:25:14 GMT" time="15.400" errors="0">
  <testcase name="runScenario" time="15.400" classname="appRunner.UpdateRunner"/>
</testsuite> <!-- appRunner.UpdateRunner -->
